This file contains any messages produced by compilers while
running configure, to aid debugging if configure makes a mistake.

It was created by bars configure 0.1, which was
generated by GNU Autoconf 2.69.  Invocation command line was

  $ /home/aleksandr/Work/cpp/bars/configure --enable-maintainer-mode CFLAGS=-g -O0 CXXFLAGS=-fexec-charset=windows-1251 -g -std=gnu++11 -O3 -I/home/aleksandr/Work/cpp/bars/src/common/ --host=i686-w64-mingw32 PKG_CONFIG_PATH=/usr/i686-w64-mingw32/lib/pkgconfig:/usr/i686-w64-mingw32/share/pkgconfig:/usr/i686-w64-mingw32/sys-root/mingw/lib/pkgconfig:/usr/i686-w64-mingw32/sys-root/mingw/share/pkgconfig

## --------- ##
## Platform. ##
## --------- ##

hostname = home-computer
uname -m = x86_64
uname -r = 3.13.0-163-generic
uname -s = Linux
uname -v = #213-Ubuntu SMP Thu Nov 15 02:19:07 UTC 2018

/usr/bin/uname -p = unknown
/bin/uname -X     = unknown

/bin/arch              = unknown
/usr/bin/arch -k       = unknown
/usr/convex/getsysinfo = unknown
/usr/bin/hostinfo      = unknown
/bin/machine           = unknown
/usr/bin/oslevel       = unknown
/bin/universe          = unknown

PATH: /usr/local/sbin
PATH: /usr/local/bin
PATH: /usr/sbin
PATH: /usr/bin
PATH: /sbin
PATH: /bin
PATH: /usr/games
PATH: /usr/local/games


## ----------- ##
## Core tests. ##
## ----------- ##

configure:1849: checking for a BSD-compatible install
configure:1917: result: /usr/bin/install -c
configure:1928: checking whether build environment is sane
configure:1983: result: yes
configure:2042: checking for i686-w64-mingw32-strip
configure:2058: found /usr/bin/i686-w64-mingw32-strip
configure:2069: result: i686-w64-mingw32-strip
configure:2134: checking for a thread-safe mkdir -p
configure:2173: result: /bin/mkdir -p
configure:2180: checking for gawk
configure:2210: result: no
configure:2180: checking for mawk
configure:2196: found /usr/bin/mawk
configure:2207: result: mawk
configure:2218: checking whether make sets $(MAKE)
configure:2240: result: yes
configure:2269: checking whether make supports nested variables
configure:2286: result: yes
configure:2423: checking whether make supports nested variables
configure:2440: result: yes
configure:2466: checking for i686-w64-mingw32-g++
configure:2482: found /usr/bin/i686-w64-mingw32-g++
configure:2493: result: i686-w64-mingw32-g++
configure:2564: checking for C++ compiler version
configure:2573: i686-w64-mingw32-g++ --version >&5
i686-w64-mingw32-g++ (GCC) 4.8.2
Copyright (C) 2013 Free Software Foundation, Inc.
This is free software; see the source for copying conditions.  There is NO
warranty; not even for MERCHANTABILITY or FITNESS FOR A PARTICULAR PURPOSE.

configure:2584: $? = 0
configure:2573: i686-w64-mingw32-g++ -v >&5
Using built-in specs.
COLLECT_GCC=i686-w64-mingw32-g++
COLLECT_LTO_WRAPPER=/usr/lib/gcc/i686-w64-mingw32/4.8/lto-wrapper
Target: i686-w64-mingw32
Configured with: ../../src/configure --build=x86_64-linux-gnu --prefix=/usr --includedir='/usr/include' --mandir='/usr/share/man' --infodir='/usr/share/info' --sysconfdir=/etc --localstatedir=/var --libexecdir='/usr/lib/gcc-mingw-w64' --disable-maintainer-mode --disable-dependency-tracking --prefix=/usr --enable-shared --enable-static --disable-multilib --with-system-zlib --libexecdir=/usr/lib --without-included-gettext --libdir=/usr/lib --enable-libstdcxx-time=yes --with-tune=generic --enable-version-specific-runtime-libs --enable-threads=posix --enable-fully-dynamic-string --enable-sjlj-exceptions --enable-libgomp --enable-languages=c,c++,fortran,objc,obj-c++ --enable-lto --with-plugin-ld --target=i686-w64-mingw32 --with-gxx-include-dir=/usr/include/c++/4.8 --with-as=/usr/bin/i686-w64-mingw32-as --with-ld=/usr/bin/i686-w64-mingw32-ld
Thread model: posix
gcc version 4.8.2 (GCC) 
configure:2584: $? = 0
configure:2573: i686-w64-mingw32-g++ -V >&5
i686-w64-mingw32-g++: error: unrecognized command line option '-V'
i686-w64-mingw32-g++: fatal error: no input files
compilation terminated.
configure:2584: $? = 4
configure:2573: i686-w64-mingw32-g++ -qversion >&5
i686-w64-mingw32-g++: error: unrecognized command line option '-qversion'
i686-w64-mingw32-g++: fatal error: no input files
compilation terminated.
configure:2584: $? = 4
configure:2604: checking whether the C++ compiler works
configure:2626: i686-w64-mingw32-g++ -fexec-charset=windows-1251 -g -std=gnu++11 -O3 -I/home/aleksandr/Work/cpp/bars/src/common/   conftest.cpp  >&5
configure:2630: $? = 0
configure:2678: result: yes
configure:2681: checking for C++ compiler default output file name
configure:2683: result: a.exe
configure:2689: checking for suffix of executables
configure:2696: i686-w64-mingw32-g++ -o conftest.exe -fexec-charset=windows-1251 -g -std=gnu++11 -O3 -I/home/aleksandr/Work/cpp/bars/src/common/   conftest.cpp  >&5
configure:2700: $? = 0
configure:2722: result: .exe
configure:2744: checking whether we are cross compiling
configure:2752: i686-w64-mingw32-g++ -o conftest.exe -fexec-charset=windows-1251 -g -std=gnu++11 -O3 -I/home/aleksandr/Work/cpp/bars/src/common/   conftest.cpp  >&5
configure:2756: $? = 0
configure:2763: ./conftest.exe
err:menubuilder:init_xdg error looking up the desktop directory
configure:2767: $? = 0
configure:2782: result: no
configure:2787: checking for suffix of object files
configure:2809: i686-w64-mingw32-g++ -c -fexec-charset=windows-1251 -g -std=gnu++11 -O3 -I/home/aleksandr/Work/cpp/bars/src/common/  conftest.cpp >&5
configure:2813: $? = 0
configure:2834: result: o
configure:2838: checking whether we are using the GNU C++ compiler
configure:2857: i686-w64-mingw32-g++ -c -fexec-charset=windows-1251 -g -std=gnu++11 -O3 -I/home/aleksandr/Work/cpp/bars/src/common/  conftest.cpp >&5
configure:2857: $? = 0
configure:2866: result: yes
configure:2875: checking whether i686-w64-mingw32-g++ accepts -g
configure:2895: i686-w64-mingw32-g++ -c -g  conftest.cpp >&5
configure:2895: $? = 0
configure:2936: result: yes
configure:2970: checking for style of include used by make
configure:2998: result: GNU
configure:3024: checking dependency style of i686-w64-mingw32-g++
configure:3135: result: gcc3
configure:3160: checking build system type
configure:3174: result: x86_64-unknown-linux-gnu
configure:3194: checking host system type
configure:3207: result: i686-w64-mingw32
configure:3376: checking that generated files are newer than configure
configure:3382: result: done
configure:3413: creating ./config.status

## ---------------------- ##
## Running config.status. ##
## ---------------------- ##

This file was extended by bars config.status 0.1, which was
generated by GNU Autoconf 2.69.  Invocation command line was

  CONFIG_FILES    = 
  CONFIG_HEADERS  = 
  CONFIG_LINKS    = 
  CONFIG_COMMANDS = 
  $ ./config.status 

on home-computer

config.status:854: creating Makefile
config.status:854: creating src/Makefile
config.status:854: creating src/test/Makefile
config.status:854: creating src/common/Makefile
config.status:854: creating config.h
config.status:1020: config.h is unchanged
config.status:1068: executing depfiles commands
configure:4728: WARNING: unrecognized options: --enable-maintainer-mode

## ---------------- ##
## Cache variables. ##
## ---------------- ##

ac_cv_build=x86_64-unknown-linux-gnu
ac_cv_cxx_compiler_gnu=yes
ac_cv_env_CCC_set=
ac_cv_env_CCC_value=
ac_cv_env_CPPFLAGS_set=
ac_cv_env_CPPFLAGS_value=
ac_cv_env_CXXFLAGS_set=set
ac_cv_env_CXXFLAGS_value='-fexec-charset=windows-1251 -g -std=gnu++11 -O3 -I/home/aleksandr/Work/cpp/bars/src/common/'
ac_cv_env_CXX_set=
ac_cv_env_CXX_value=
ac_cv_env_LDFLAGS_set=
ac_cv_env_LDFLAGS_value=
ac_cv_env_LIBS_set=
ac_cv_env_LIBS_value=
ac_cv_env_build_alias_set=
ac_cv_env_build_alias_value=
ac_cv_env_host_alias_set=set
ac_cv_env_host_alias_value=i686-w64-mingw32
ac_cv_env_target_alias_set=
ac_cv_env_target_alias_value=
ac_cv_exeext=.exe
ac_cv_host=i686-w64-mingw32
ac_cv_objext=o
ac_cv_path_install='/usr/bin/install -c'
ac_cv_path_mkdir=/bin/mkdir
ac_cv_prog_AWK=mawk
ac_cv_prog_CXX=i686-w64-mingw32-g++
ac_cv_prog_STRIP=i686-w64-mingw32-strip
ac_cv_prog_cxx_g=yes
ac_cv_prog_make_make_set=yes
am_cv_CXX_dependencies_compiler_type=gcc3
am_cv_make_support_nested_variables=yes

## ----------------- ##
## Output variables. ##
## ----------------- ##

ACLOCAL='${SHELL} /home/aleksandr/Work/cpp/bars/missing aclocal-1.14'
AMDEPBACKSLASH='\'
AMDEP_FALSE='#'
AMDEP_TRUE=''
AMTAR='$${TAR-tar}'
AM_BACKSLASH='\'
AM_DEFAULT_V='$(AM_DEFAULT_VERBOSITY)'
AM_DEFAULT_VERBOSITY='0'
AM_V='$(V)'
AUTOCONF='${SHELL} /home/aleksandr/Work/cpp/bars/missing autoconf'
AUTOHEADER='${SHELL} /home/aleksandr/Work/cpp/bars/missing autoheader'
AUTOMAKE='${SHELL} /home/aleksandr/Work/cpp/bars/missing automake-1.14'
AWK='mawk'
CPPFLAGS=''
CXX='i686-w64-mingw32-g++'
CXXDEPMODE='depmode=gcc3'
CXXFLAGS='-fexec-charset=windows-1251 -g -std=gnu++11 -O3 -I/home/aleksandr/Work/cpp/bars/src/common/'
CYGPATH_W='echo'
DEFS='-DHAVE_CONFIG_H'
DEPDIR='.deps'
ECHO_C=''
ECHO_N='-n'
ECHO_T=''
EXEEXT='.exe'
INSTALL_DATA='${INSTALL} -m 644'
INSTALL_PROGRAM='${INSTALL}'
INSTALL_SCRIPT='${INSTALL}'
INSTALL_STRIP_PROGRAM='$(install_sh) -c -s'
LDFLAGS=''
LIBOBJS=''
LIBS=''
LTLIBOBJS=''
MAKEINFO='${SHELL} /home/aleksandr/Work/cpp/bars/missing makeinfo'
MKDIR_P='/bin/mkdir -p'
NATIVE_WIN32_FALSE='#'
NATIVE_WIN32_TRUE=''
OBJEXT='o'
PACKAGE='bars'
PACKAGE_BUGREPORT=''
PACKAGE_NAME='bars'
PACKAGE_STRING='bars 0.1'
PACKAGE_TARNAME='bars'
PACKAGE_URL=''
PACKAGE_VERSION='0.1'
PATH_SEPARATOR=':'
PLATFORM_WIN32_FALSE='#'
PLATFORM_WIN32_TRUE=''
SET_MAKE=''
SHELL='/bin/bash'
STRIP='i686-w64-mingw32-strip'
VERSION='0.1'
ac_ct_CXX=''
am__EXEEXT_FALSE='#'
am__EXEEXT_TRUE=''
am__fastdepCXX_FALSE='#'
am__fastdepCXX_TRUE=''
am__include='include'
am__isrc=' -I$(srcdir)'
am__leading_dot='.'
am__nodep='_no'
am__quote=''
am__tar='$${TAR-tar} chof - "$$tardir"'
am__untar='$${TAR-tar} xf -'
bindir='${exec_prefix}/bin'
build='x86_64-unknown-linux-gnu'
build_alias=''
build_cpu='x86_64'
build_os='linux-gnu'
build_vendor='unknown'
datadir='${datarootdir}'
datarootdir='${prefix}/share'
docdir='${datarootdir}/doc/${PACKAGE_TARNAME}'
dvidir='${docdir}'
exec_prefix='${prefix}'
host='i686-w64-mingw32'
host_alias='i686-w64-mingw32'
host_cpu='i686'
host_os='mingw32'
host_vendor='w64'
htmldir='${docdir}'
includedir='${prefix}/include'
infodir='${datarootdir}/info'
install_sh='${SHELL} /home/aleksandr/Work/cpp/bars/install-sh'
libdir='${exec_prefix}/lib'
libexecdir='${exec_prefix}/libexec'
localedir='${datarootdir}/locale'
localstatedir='${prefix}/var'
mandir='${datarootdir}/man'
mkdir_p='$(MKDIR_P)'
oldincludedir='/usr/include'
pdfdir='${docdir}'
prefix='/usr/local'
program_transform_name='s,x,x,'
psdir='${docdir}'
sbindir='${exec_prefix}/sbin'
sharedstatedir='${prefix}/com'
sysconfdir='${prefix}/etc'
target_alias=''

## ----------- ##
## confdefs.h. ##
## ----------- ##

/* confdefs.h */
#define PACKAGE_NAME "bars"
#define PACKAGE_TARNAME "bars"
#define PACKAGE_VERSION "0.1"
#define PACKAGE_STRING "bars 0.1"
#define PACKAGE_BUGREPORT ""
#define PACKAGE_URL ""
#define PACKAGE "bars"
#define VERSION "0.1"

configure: exit 0

## ---------------------- ##
## Running config.status. ##
## ---------------------- ##

This file was extended by bars config.status 0.1, which was
generated by GNU Autoconf 2.69.  Invocation command line was

  CONFIG_FILES    = 
  CONFIG_HEADERS  = 
  CONFIG_LINKS    = 
  CONFIG_COMMANDS = 
  $ ./config.status src/test/Makefile depfiles

on home-computer

config.status:854: creating src/test/Makefile
config.status:1068: executing depfiles commands

## ---------------------- ##
## Running config.status. ##
## ---------------------- ##

This file was extended by bars config.status 0.1, which was
generated by GNU Autoconf 2.69.  Invocation command line was

  CONFIG_FILES    = 
  CONFIG_HEADERS  = 
  CONFIG_LINKS    = 
  CONFIG_COMMANDS = 
  $ ./config.status src/test/Makefile depfiles

on home-computer

config.status:854: creating src/test/Makefile
config.status:1068: executing depfiles commands

## ---------------------- ##
## Running config.status. ##
## ---------------------- ##

This file was extended by bars config.status 0.1, which was
generated by GNU Autoconf 2.69.  Invocation command line was

  CONFIG_FILES    = 
  CONFIG_HEADERS  = 
  CONFIG_LINKS    = 
  CONFIG_COMMANDS = 
  $ ./config.status src/test/Makefile depfiles

on home-computer

config.status:854: creating src/test/Makefile
config.status:1068: executing depfiles commands
